-------------------------------------------------------------------------------
Test set: es.uvigo.esei.dai.hybridserver.step3.ClientRequestsWithDatabaseTest
-------------------------------------------------------------------------------
Tests run: 7, Failures: 0, Errors: 7, Skipped: 0, Time elapsed: 0.370 s <<< FAILURE! -- in es.uvigo.esei.dai.hybridserver.step3.ClientRequestsWithDatabaseTest
es.uvigo.esei.dai.hybridserver.step3.ClientRequestsWithDatabaseTest.testPostInvalidContent -- Time elapsed: 0.121 s <<< ERROR!
org.dbunit.dataset.NoSuchTableException: hstestdb.HTML
	at org.dbunit.database.DatabaseDataSet.getTableMetaData(DatabaseDataSet.java:305)
	at org.dbunit.operation.DeleteAllOperation.execute(DeleteAllOperation.java:109)
	at org.dbunit.operation.CompositeOperation.execute(CompositeOperation.java:79)
	at org.dbunit.AbstractDatabaseTester.executeOperation(AbstractDatabaseTester.java:199)
	at org.dbunit.AbstractDatabaseTester.onSetup(AbstractDatabaseTester.java:109)
	at es.uvigo.esei.dai.hybridserver.utils.JdbcTestCase.setUpJdbc(JdbcTestCase.java:41)
	at java.base/java.lang.reflect.Method.invoke(Method.java:565)
	at java.base/java.util.ArrayList.forEach(ArrayList.java:1604)
	at java.base/java.util.ArrayList.forEach(ArrayList.java:1604)
	Suppressed: java.lang.NullPointerException: Cannot invoke "es.uvigo.esei.dai.hybridserver.HybridServer.close()" because "this.server" is null
		at es.uvigo.esei.dai.hybridserver.step3.ClientRequestsWithDatabaseTest.stopServer(ClientRequestsWithDatabaseTest.java:87)
		... 3 more

es.uvigo.esei.dai.hybridserver.step3.ClientRequestsWithDatabaseTest.testPost -- Time elapsed: 0.026 s <<< ERROR!
org.dbunit.dataset.NoSuchTableException: hstestdb.HTML
	at org.dbunit.database.DatabaseDataSet.getTableMetaData(DatabaseDataSet.java:305)
	at org.dbunit.operation.DeleteAllOperation.execute(DeleteAllOperation.java:109)
	at org.dbunit.operation.CompositeOperation.execute(CompositeOperation.java:79)
	at org.dbunit.AbstractDatabaseTester.executeOperation(AbstractDatabaseTester.java:199)
	at org.dbunit.AbstractDatabaseTester.onSetup(AbstractDatabaseTester.java:109)
	at es.uvigo.esei.dai.hybridserver.utils.JdbcTestCase.setUpJdbc(JdbcTestCase.java:41)
	at java.base/java.lang.reflect.Method.invoke(Method.java:565)
	at java.base/java.util.ArrayList.forEach(ArrayList.java:1604)
	at java.base/java.util.ArrayList.forEach(ArrayList.java:1604)
	Suppressed: java.lang.NullPointerException: Cannot invoke "es.uvigo.esei.dai.hybridserver.HybridServer.close()" because "this.server" is null
		at es.uvigo.esei.dai.hybridserver.step3.ClientRequestsWithDatabaseTest.stopServer(ClientRequestsWithDatabaseTest.java:87)
		... 3 more

es.uvigo.esei.dai.hybridserver.step3.ClientRequestsWithDatabaseTest.testGetInvalidResource -- Time elapsed: 0.032 s <<< ERROR!
org.dbunit.dataset.NoSuchTableException: hstestdb.HTML
	at org.dbunit.database.DatabaseDataSet.getTableMetaData(DatabaseDataSet.java:305)
	at org.dbunit.operation.DeleteAllOperation.execute(DeleteAllOperation.java:109)
	at org.dbunit.operation.CompositeOperation.execute(CompositeOperation.java:79)
	at org.dbunit.AbstractDatabaseTester.executeOperation(AbstractDatabaseTester.java:199)
	at org.dbunit.AbstractDatabaseTester.onSetup(AbstractDatabaseTester.java:109)
	at es.uvigo.esei.dai.hybridserver.utils.JdbcTestCase.setUpJdbc(JdbcTestCase.java:41)
	at java.base/java.lang.reflect.Method.invoke(Method.java:565)
	at java.base/java.util.ArrayList.forEach(ArrayList.java:1604)
	at java.base/java.util.ArrayList.forEach(ArrayList.java:1604)
	Suppressed: java.lang.NullPointerException: Cannot invoke "es.uvigo.esei.dai.hybridserver.HybridServer.close()" because "this.server" is null
		at es.uvigo.esei.dai.hybridserver.step3.ClientRequestsWithDatabaseTest.stopServer(ClientRequestsWithDatabaseTest.java:87)
		... 3 more

es.uvigo.esei.dai.hybridserver.step3.ClientRequestsWithDatabaseTest.testGetInvalidHtmlPage -- Time elapsed: 0.034 s <<< ERROR!
org.dbunit.dataset.NoSuchTableException: hstestdb.HTML
	at org.dbunit.database.DatabaseDataSet.getTableMetaData(DatabaseDataSet.java:305)
	at org.dbunit.operation.DeleteAllOperation.execute(DeleteAllOperation.java:109)
	at org.dbunit.operation.CompositeOperation.execute(CompositeOperation.java:79)
	at org.dbunit.AbstractDatabaseTester.executeOperation(AbstractDatabaseTester.java:199)
	at org.dbunit.AbstractDatabaseTester.onSetup(AbstractDatabaseTester.java:109)
	at es.uvigo.esei.dai.hybridserver.utils.JdbcTestCase.setUpJdbc(JdbcTestCase.java:41)
	at java.base/java.lang.reflect.Method.invoke(Method.java:565)
	at java.base/java.util.ArrayList.forEach(ArrayList.java:1604)
	at java.base/java.util.ArrayList.forEach(ArrayList.java:1604)
	Suppressed: java.lang.NullPointerException: Cannot invoke "es.uvigo.esei.dai.hybridserver.HybridServer.close()" because "this.server" is null
		at es.uvigo.esei.dai.hybridserver.step3.ClientRequestsWithDatabaseTest.stopServer(ClientRequestsWithDatabaseTest.java:87)
		... 3 more

es.uvigo.esei.dai.hybridserver.step3.ClientRequestsWithDatabaseTest.testGetHtmlList -- Time elapsed: 0.054 s <<< ERROR!
org.dbunit.dataset.NoSuchTableException: hstestdb.HTML
	at org.dbunit.database.DatabaseDataSet.getTableMetaData(DatabaseDataSet.java:305)
	at org.dbunit.operation.DeleteAllOperation.execute(DeleteAllOperation.java:109)
	at org.dbunit.operation.CompositeOperation.execute(CompositeOperation.java:79)
	at org.dbunit.AbstractDatabaseTester.executeOperation(AbstractDatabaseTester.java:199)
	at org.dbunit.AbstractDatabaseTester.onSetup(AbstractDatabaseTester.java:109)
	at es.uvigo.esei.dai.hybridserver.utils.JdbcTestCase.setUpJdbc(JdbcTestCase.java:41)
	at java.base/java.lang.reflect.Method.invoke(Method.java:565)
	at java.base/java.util.ArrayList.forEach(ArrayList.java:1604)
	at java.base/java.util.ArrayList.forEach(ArrayList.java:1604)
	Suppressed: java.lang.NullPointerException: Cannot invoke "es.uvigo.esei.dai.hybridserver.HybridServer.close()" because "this.server" is null
		at es.uvigo.esei.dai.hybridserver.step3.ClientRequestsWithDatabaseTest.stopServer(ClientRequestsWithDatabaseTest.java:87)
		... 3 more

es.uvigo.esei.dai.hybridserver.step3.ClientRequestsWithDatabaseTest.testDelete -- Time elapsed: 0.052 s <<< ERROR!
org.dbunit.dataset.NoSuchTableException: hstestdb.HTML
	at org.dbunit.database.DatabaseDataSet.getTableMetaData(DatabaseDataSet.java:305)
	at org.dbunit.operation.DeleteAllOperation.execute(DeleteAllOperation.java:109)
	at org.dbunit.operation.CompositeOperation.execute(CompositeOperation.java:79)
	at org.dbunit.AbstractDatabaseTester.executeOperation(AbstractDatabaseTester.java:199)
	at org.dbunit.AbstractDatabaseTester.onSetup(AbstractDatabaseTester.java:109)
	at es.uvigo.esei.dai.hybridserver.utils.JdbcTestCase.setUpJdbc(JdbcTestCase.java:41)
	at java.base/java.lang.reflect.Method.invoke(Method.java:565)
	at java.base/java.util.ArrayList.forEach(ArrayList.java:1604)
	at java.base/java.util.ArrayList.forEach(ArrayList.java:1604)
	Suppressed: java.lang.NullPointerException: Cannot invoke "es.uvigo.esei.dai.hybridserver.HybridServer.close()" because "this.server" is null
		at es.uvigo.esei.dai.hybridserver.step3.ClientRequestsWithDatabaseTest.stopServer(ClientRequestsWithDatabaseTest.java:87)
		... 3 more

es.uvigo.esei.dai.hybridserver.step3.ClientRequestsWithDatabaseTest.testDeleteNonexistentPage -- Time elapsed: 0.047 s <<< ERROR!
org.dbunit.dataset.NoSuchTableException: hstestdb.HTML
	at org.dbunit.database.DatabaseDataSet.getTableMetaData(DatabaseDataSet.java:305)
	at org.dbunit.operation.DeleteAllOperation.execute(DeleteAllOperation.java:109)
	at org.dbunit.operation.CompositeOperation.execute(CompositeOperation.java:79)
	at org.dbunit.AbstractDatabaseTester.executeOperation(AbstractDatabaseTester.java:199)
	at org.dbunit.AbstractDatabaseTester.onSetup(AbstractDatabaseTester.java:109)
	at es.uvigo.esei.dai.hybridserver.utils.JdbcTestCase.setUpJdbc(JdbcTestCase.java:41)
	at java.base/java.lang.reflect.Method.invoke(Method.java:565)
	at java.base/java.util.ArrayList.forEach(ArrayList.java:1604)
	at java.base/java.util.ArrayList.forEach(ArrayList.java:1604)
	Suppressed: java.lang.NullPointerException: Cannot invoke "es.uvigo.esei.dai.hybridserver.HybridServer.close()" because "this.server" is null
		at es.uvigo.esei.dai.hybridserver.step3.ClientRequestsWithDatabaseTest.stopServer(ClientRequestsWithDatabaseTest.java:87)
		... 3 more

