-------------------------------------------------------------------------------
Test set: es.uvigo.esei.dai.hybridserver.step1.HTTPRequestPOSTOneParameterTest
-------------------------------------------------------------------------------
Tests run: 10, Failures: 9, Errors: 1, Skipped: 0, Time elapsed: 0.016 s <<< FAILURE! -- in es.uvigo.esei.dai.hybridserver.step1.HTTPRequestPOSTOneParameterTest
es.uvigo.esei.dai.hybridserver.step1.HTTPRequestPOSTOneParameterTest.testGetResourceChain -- Time elapsed: 0.001 s <<< FAILURE!
java.lang.AssertionError: 

Expected: is "/"
     but: was null
	at org.hamcrest.MatcherAssert.assertThat(MatcherAssert.java:20)
	at org.hamcrest.MatcherAssert.assertThat(MatcherAssert.java:6)
	at es.uvigo.esei.dai.hybridserver.step1.HTTPRequestPOSTOneParameterTest.testGetResourceChain(HTTPRequestPOSTOneParameterTest.java:46)
	at java.base/java.lang.reflect.Method.invoke(Method.java:578)
	at java.base/java.util.ArrayList.forEach(ArrayList.java:1511)
	at java.base/java.util.ArrayList.forEach(ArrayList.java:1511)

es.uvigo.esei.dai.hybridserver.step1.HTTPRequestPOSTOneParameterTest.testToString -- Time elapsed: 0.001 s <<< ERROR!
java.lang.NullPointerException: Cannot invoke "es.uvigo.esei.dai.hybridserver.http.HTTPRequestMethod.name()" because the return value of "es.uvigo.esei.dai.hybridserver.http.HTTPRequest.getMethod()" is null
	at es.uvigo.esei.dai.hybridserver.http.HTTPRequest.toString(HTTPRequest.java:76)
	at es.uvigo.esei.dai.hybridserver.step1.HTTPRequestPOSTOneParameterTest.testToString(HTTPRequestPOSTOneParameterTest.java:88)
	at java.base/java.lang.reflect.Method.invoke(Method.java:578)
	at java.base/java.util.ArrayList.forEach(ArrayList.java:1511)
	at java.base/java.util.ArrayList.forEach(ArrayList.java:1511)

es.uvigo.esei.dai.hybridserver.step1.HTTPRequestPOSTOneParameterTest.testGetHttpVersion -- Time elapsed: 0.001 s <<< FAILURE!
java.lang.AssertionError: 

Expected: is "HTTP/1.1"
     but: was null
	at org.hamcrest.MatcherAssert.assertThat(MatcherAssert.java:20)
	at org.hamcrest.MatcherAssert.assertThat(MatcherAssert.java:6)
	at es.uvigo.esei.dai.hybridserver.step1.HTTPRequestPOSTOneParameterTest.testGetHttpVersion(HTTPRequestPOSTOneParameterTest.java:61)
	at java.base/java.lang.reflect.Method.invoke(Method.java:578)
	at java.base/java.util.ArrayList.forEach(ArrayList.java:1511)
	at java.base/java.util.ArrayList.forEach(ArrayList.java:1511)

es.uvigo.esei.dai.hybridserver.step1.HTTPRequestPOSTOneParameterTest.testGetHeaderParameters -- Time elapsed: 0.001 s <<< FAILURE!
java.lang.AssertionError: 

Expected: (map containing ["Host"->"localhost"] and map containing ["Content-Length"->"21"])
     but: map containing ["Host"->"localhost"] was null
	at org.hamcrest.MatcherAssert.assertThat(MatcherAssert.java:20)
	at org.hamcrest.MatcherAssert.assertThat(MatcherAssert.java:6)
	at es.uvigo.esei.dai.hybridserver.step1.HTTPRequestPOSTOneParameterTest.testGetHeaderParameters(HTTPRequestPOSTOneParameterTest.java:72)
	at java.base/java.lang.reflect.Method.invoke(Method.java:578)
	at java.base/java.util.ArrayList.forEach(ArrayList.java:1511)
	at java.base/java.util.ArrayList.forEach(ArrayList.java:1511)

es.uvigo.esei.dai.hybridserver.step1.HTTPRequestPOSTOneParameterTest.testGetResourceName -- Time elapsed: 0.001 s <<< FAILURE!
java.lang.AssertionError: 

Expected: is an empty string
     but: was null
	at org.hamcrest.MatcherAssert.assertThat(MatcherAssert.java:20)
	at org.hamcrest.MatcherAssert.assertThat(MatcherAssert.java:6)
	at es.uvigo.esei.dai.hybridserver.step1.HTTPRequestPOSTOneParameterTest.testGetResourceName(HTTPRequestPOSTOneParameterTest.java:56)
	at java.base/java.lang.reflect.Method.invoke(Method.java:578)
	at java.base/java.util.ArrayList.forEach(ArrayList.java:1511)
	at java.base/java.util.ArrayList.forEach(ArrayList.java:1511)

es.uvigo.esei.dai.hybridserver.step1.HTTPRequestPOSTOneParameterTest.testGetResourcePath -- Time elapsed: 0.001 s <<< FAILURE!
java.lang.AssertionError: 

Expected: is an empty array
     but: was null
	at org.hamcrest.MatcherAssert.assertThat(MatcherAssert.java:20)
	at org.hamcrest.MatcherAssert.assertThat(MatcherAssert.java:6)
	at es.uvigo.esei.dai.hybridserver.step1.HTTPRequestPOSTOneParameterTest.testGetResourcePath(HTTPRequestPOSTOneParameterTest.java:51)
	at java.base/java.lang.reflect.Method.invoke(Method.java:578)
	at java.base/java.util.ArrayList.forEach(ArrayList.java:1511)
	at java.base/java.util.ArrayList.forEach(ArrayList.java:1511)

es.uvigo.esei.dai.hybridserver.step1.HTTPRequestPOSTOneParameterTest.testGetContent -- Time elapsed: 0.001 s <<< FAILURE!
java.lang.AssertionError: 

Expected: is "message=Hello world!!"
     but: was null
	at org.hamcrest.MatcherAssert.assertThat(MatcherAssert.java:20)
	at org.hamcrest.MatcherAssert.assertThat(MatcherAssert.java:6)
	at es.uvigo.esei.dai.hybridserver.step1.HTTPRequestPOSTOneParameterTest.testGetContent(HTTPRequestPOSTOneParameterTest.java:78)
	at java.base/java.lang.reflect.Method.invoke(Method.java:578)
	at java.base/java.util.ArrayList.forEach(ArrayList.java:1511)
	at java.base/java.util.ArrayList.forEach(ArrayList.java:1511)

es.uvigo.esei.dai.hybridserver.step1.HTTPRequestPOSTOneParameterTest.testGetMethod -- Time elapsed: 0.002 s <<< FAILURE!
java.lang.AssertionError: 

Expected: is <POST>
     but: was null
	at org.hamcrest.MatcherAssert.assertThat(MatcherAssert.java:20)
	at org.hamcrest.MatcherAssert.assertThat(MatcherAssert.java:6)
	at es.uvigo.esei.dai.hybridserver.step1.HTTPRequestPOSTOneParameterTest.testGetMethod(HTTPRequestPOSTOneParameterTest.java:41)
	at java.base/java.lang.reflect.Method.invoke(Method.java:578)
	at java.base/java.util.ArrayList.forEach(ArrayList.java:1511)
	at java.base/java.util.ArrayList.forEach(ArrayList.java:1511)

es.uvigo.esei.dai.hybridserver.step1.HTTPRequestPOSTOneParameterTest.testGetContentLength -- Time elapsed: 0.002 s <<< FAILURE!
java.lang.AssertionError: 

Expected: is <21>
     but: was <-1>
	at org.hamcrest.MatcherAssert.assertThat(MatcherAssert.java:20)
	at org.hamcrest.MatcherAssert.assertThat(MatcherAssert.java:6)
	at es.uvigo.esei.dai.hybridserver.step1.HTTPRequestPOSTOneParameterTest.testGetContentLength(HTTPRequestPOSTOneParameterTest.java:83)
	at java.base/java.lang.reflect.Method.invoke(Method.java:578)
	at java.base/java.util.ArrayList.forEach(ArrayList.java:1511)
	at java.base/java.util.ArrayList.forEach(ArrayList.java:1511)

es.uvigo.esei.dai.hybridserver.step1.HTTPRequestPOSTOneParameterTest.testGetResourceParameters -- Time elapsed: 0.002 s <<< FAILURE!
java.lang.AssertionError: 

Expected: map containing ["message"->"Hello world!!"]
     but: was null
	at org.hamcrest.MatcherAssert.assertThat(MatcherAssert.java:20)
	at org.hamcrest.MatcherAssert.assertThat(MatcherAssert.java:6)
	at es.uvigo.esei.dai.hybridserver.step1.HTTPRequestPOSTOneParameterTest.testGetResourceParameters(HTTPRequestPOSTOneParameterTest.java:66)
	at java.base/java.lang.reflect.Method.invoke(Method.java:578)
	at java.base/java.util.ArrayList.forEach(ArrayList.java:1511)
	at java.base/java.util.ArrayList.forEach(ArrayList.java:1511)

