-------------------------------------------------------------------------------
Test set: es.uvigo.esei.dai.hybridserver.step1.HTTPRequestGETResourcesTest
-------------------------------------------------------------------------------
Tests run: 10, Failures: 8, Errors: 1, Skipped: 0, Time elapsed: 0.011 s <<< FAILURE! -- in es.uvigo.esei.dai.hybridserver.step1.HTTPRequestGETResourcesTest
es.uvigo.esei.dai.hybridserver.step1.HTTPRequestGETResourcesTest.testGetResourceChain -- Time elapsed: 0.001 s <<< FAILURE!
java.lang.AssertionError: 

Expected: is "/hello/world.html"
     but: was null
	at org.hamcrest.MatcherAssert.assertThat(MatcherAssert.java:20)
	at org.hamcrest.MatcherAssert.assertThat(MatcherAssert.java:6)
	at es.uvigo.esei.dai.hybridserver.step1.HTTPRequestGETResourcesTest.testGetResourceChain(HTTPRequestGETResourcesTest.java:46)
	at java.base/java.lang.reflect.Method.invoke(Method.java:580)
	at java.base/java.util.ArrayList.forEach(ArrayList.java:1596)
	at java.base/java.util.ArrayList.forEach(ArrayList.java:1596)

es.uvigo.esei.dai.hybridserver.step1.HTTPRequestGETResourcesTest.testToString -- Time elapsed: 0.001 s <<< ERROR!
java.lang.NullPointerException: Cannot invoke "es.uvigo.esei.dai.hybridserver.http.HTTPRequestMethod.name()" because the return value of "es.uvigo.esei.dai.hybridserver.http.HTTPRequest.getMethod()" is null
	at es.uvigo.esei.dai.hybridserver.http.HTTPRequest.toString(HTTPRequest.java:76)
	at es.uvigo.esei.dai.hybridserver.step1.HTTPRequestGETResourcesTest.testToString(HTTPRequestGETResourcesTest.java:90)
	at java.base/java.lang.reflect.Method.invoke(Method.java:580)
	at java.base/java.util.ArrayList.forEach(ArrayList.java:1596)
	at java.base/java.util.ArrayList.forEach(ArrayList.java:1596)

es.uvigo.esei.dai.hybridserver.step1.HTTPRequestGETResourcesTest.testGetHttpVersion -- Time elapsed: 0 s <<< FAILURE!
java.lang.AssertionError: 

Expected: is "HTTP/1.1"
     but: was null
	at org.hamcrest.MatcherAssert.assertThat(MatcherAssert.java:20)
	at org.hamcrest.MatcherAssert.assertThat(MatcherAssert.java:6)
	at es.uvigo.esei.dai.hybridserver.step1.HTTPRequestGETResourcesTest.testGetHttpVersion(HTTPRequestGETResourcesTest.java:61)
	at java.base/java.lang.reflect.Method.invoke(Method.java:580)
	at java.base/java.util.ArrayList.forEach(ArrayList.java:1596)
	at java.base/java.util.ArrayList.forEach(ArrayList.java:1596)

es.uvigo.esei.dai.hybridserver.step1.HTTPRequestGETResourcesTest.testGetHeaderParameters -- Time elapsed: 0.001 s <<< FAILURE!
java.lang.AssertionError: 

Expected: (map containing ["Host"->"localhost"] and map containing ["Accept"->"text/html"] and map containing ["Accept-Encoding"->"gzip,deflate"])
     but: map containing ["Host"->"localhost"] was null
	at org.hamcrest.MatcherAssert.assertThat(MatcherAssert.java:20)
	at org.hamcrest.MatcherAssert.assertThat(MatcherAssert.java:6)
	at es.uvigo.esei.dai.hybridserver.step1.HTTPRequestGETResourcesTest.testGetHeaderParameters(HTTPRequestGETResourcesTest.java:71)
	at java.base/java.lang.reflect.Method.invoke(Method.java:580)
	at java.base/java.util.ArrayList.forEach(ArrayList.java:1596)
	at java.base/java.util.ArrayList.forEach(ArrayList.java:1596)

es.uvigo.esei.dai.hybridserver.step1.HTTPRequestGETResourcesTest.testGetResourceName -- Time elapsed: 0.001 s <<< FAILURE!
java.lang.AssertionError: 

Expected: is "hello/world.html"
     but: was null
	at org.hamcrest.MatcherAssert.assertThat(MatcherAssert.java:20)
	at org.hamcrest.MatcherAssert.assertThat(MatcherAssert.java:6)
	at es.uvigo.esei.dai.hybridserver.step1.HTTPRequestGETResourcesTest.testGetResourceName(HTTPRequestGETResourcesTest.java:56)
	at java.base/java.lang.reflect.Method.invoke(Method.java:580)
	at java.base/java.util.ArrayList.forEach(ArrayList.java:1596)
	at java.base/java.util.ArrayList.forEach(ArrayList.java:1596)

es.uvigo.esei.dai.hybridserver.step1.HTTPRequestGETResourcesTest.testGetResourcePath -- Time elapsed: 0 s <<< FAILURE!
java.lang.AssertionError: 

Expected: is ["hello", "world.html"] 
     but: was null
	at org.hamcrest.MatcherAssert.assertThat(MatcherAssert.java:20)
	at org.hamcrest.MatcherAssert.assertThat(MatcherAssert.java:6)
	at es.uvigo.esei.dai.hybridserver.step1.HTTPRequestGETResourcesTest.testGetResourcePath(HTTPRequestGETResourcesTest.java:51)
	at java.base/java.lang.reflect.Method.invoke(Method.java:580)
	at java.base/java.util.ArrayList.forEach(ArrayList.java:1596)
	at java.base/java.util.ArrayList.forEach(ArrayList.java:1596)

es.uvigo.esei.dai.hybridserver.step1.HTTPRequestGETResourcesTest.testGetMethod -- Time elapsed: 0.001 s <<< FAILURE!
java.lang.AssertionError: 

Expected: is <GET>
     but: was null
	at org.hamcrest.MatcherAssert.assertThat(MatcherAssert.java:20)
	at org.hamcrest.MatcherAssert.assertThat(MatcherAssert.java:6)
	at es.uvigo.esei.dai.hybridserver.step1.HTTPRequestGETResourcesTest.testGetMethod(HTTPRequestGETResourcesTest.java:41)
	at java.base/java.lang.reflect.Method.invoke(Method.java:580)
	at java.base/java.util.ArrayList.forEach(ArrayList.java:1596)
	at java.base/java.util.ArrayList.forEach(ArrayList.java:1596)

es.uvigo.esei.dai.hybridserver.step1.HTTPRequestGETResourcesTest.testGetContentLength -- Time elapsed: 0 s <<< FAILURE!
java.lang.AssertionError: 

Expected: is <0>
     but: was <-1>
	at org.hamcrest.MatcherAssert.assertThat(MatcherAssert.java:20)
	at org.hamcrest.MatcherAssert.assertThat(MatcherAssert.java:6)
	at es.uvigo.esei.dai.hybridserver.step1.HTTPRequestGETResourcesTest.testGetContentLength(HTTPRequestGETResourcesTest.java:85)
	at java.base/java.lang.reflect.Method.invoke(Method.java:580)
	at java.base/java.util.ArrayList.forEach(ArrayList.java:1596)
	at java.base/java.util.ArrayList.forEach(ArrayList.java:1596)

es.uvigo.esei.dai.hybridserver.step1.HTTPRequestGETResourcesTest.testGetResourceParameters -- Time elapsed: 0 s <<< FAILURE!
java.lang.AssertionError: 

Expected: is a map with size <0>
     but: was null
	at org.hamcrest.MatcherAssert.assertThat(MatcherAssert.java:20)
	at org.hamcrest.MatcherAssert.assertThat(MatcherAssert.java:6)
	at es.uvigo.esei.dai.hybridserver.step1.HTTPRequestGETResourcesTest.testGetResourceParameters(HTTPRequestGETResourcesTest.java:66)
	at java.base/java.lang.reflect.Method.invoke(Method.java:580)
	at java.base/java.util.ArrayList.forEach(ArrayList.java:1596)
	at java.base/java.util.ArrayList.forEach(ArrayList.java:1596)

