-------------------------------------------------------------------------------
Test set: es.uvigo.esei.dai.hybridserver.step1.HTTPRequestPOSTMultipleParametersTest
-------------------------------------------------------------------------------
Tests run: 10, Failures: 9, Errors: 1, Skipped: 0, Time elapsed: 0.016 s <<< FAILURE! -- in es.uvigo.esei.dai.hybridserver.step1.HTTPRequestPOSTMultipleParametersTest
es.uvigo.esei.dai.hybridserver.step1.HTTPRequestPOSTMultipleParametersTest.testGetResourceChain -- Time elapsed: 0.001 s <<< FAILURE!
java.lang.AssertionError: 

Expected: is "/resource"
     but: was null
	at org.hamcrest.MatcherAssert.assertThat(MatcherAssert.java:20)
	at org.hamcrest.MatcherAssert.assertThat(MatcherAssert.java:6)
	at es.uvigo.esei.dai.hybridserver.step1.HTTPRequestPOSTMultipleParametersTest.testGetResourceChain(HTTPRequestPOSTMultipleParametersTest.java:45)
	at java.base/java.lang.reflect.Method.invoke(Method.java:580)
	at java.base/java.util.ArrayList.forEach(ArrayList.java:1596)
	at java.base/java.util.ArrayList.forEach(ArrayList.java:1596)

es.uvigo.esei.dai.hybridserver.step1.HTTPRequestPOSTMultipleParametersTest.testToString -- Time elapsed: 0.001 s <<< ERROR!
java.lang.NullPointerException: Cannot invoke "es.uvigo.esei.dai.hybridserver.http.HTTPRequestMethod.name()" because the return value of "es.uvigo.esei.dai.hybridserver.http.HTTPRequest.getMethod()" is null
	at es.uvigo.esei.dai.hybridserver.http.HTTPRequest.toString(HTTPRequest.java:76)
	at es.uvigo.esei.dai.hybridserver.step1.HTTPRequestPOSTMultipleParametersTest.testToString(HTTPRequestPOSTMultipleParametersTest.java:96)
	at java.base/java.lang.reflect.Method.invoke(Method.java:580)
	at java.base/java.util.ArrayList.forEach(ArrayList.java:1596)
	at java.base/java.util.ArrayList.forEach(ArrayList.java:1596)

es.uvigo.esei.dai.hybridserver.step1.HTTPRequestPOSTMultipleParametersTest.testGetHttpVersion -- Time elapsed: 0.001 s <<< FAILURE!
java.lang.AssertionError: 

Expected: is "HTTP/1.1"
     but: was null
	at org.hamcrest.MatcherAssert.assertThat(MatcherAssert.java:20)
	at org.hamcrest.MatcherAssert.assertThat(MatcherAssert.java:6)
	at es.uvigo.esei.dai.hybridserver.step1.HTTPRequestPOSTMultipleParametersTest.testGetHttpVersion(HTTPRequestPOSTMultipleParametersTest.java:60)
	at java.base/java.lang.reflect.Method.invoke(Method.java:580)
	at java.base/java.util.ArrayList.forEach(ArrayList.java:1596)
	at java.base/java.util.ArrayList.forEach(ArrayList.java:1596)

es.uvigo.esei.dai.hybridserver.step1.HTTPRequestPOSTMultipleParametersTest.testGetHeaderParameters -- Time elapsed: 0 s <<< FAILURE!
java.lang.AssertionError: 

Expected: (map containing ["Host"->"localhost"] and map containing ["Content-Length"->"85"])
     but: map containing ["Host"->"localhost"] was null
	at org.hamcrest.MatcherAssert.assertThat(MatcherAssert.java:20)
	at org.hamcrest.MatcherAssert.assertThat(MatcherAssert.java:6)
	at es.uvigo.esei.dai.hybridserver.step1.HTTPRequestPOSTMultipleParametersTest.testGetHeaderParameters(HTTPRequestPOSTMultipleParametersTest.java:77)
	at java.base/java.lang.reflect.Method.invoke(Method.java:580)
	at java.base/java.util.ArrayList.forEach(ArrayList.java:1596)
	at java.base/java.util.ArrayList.forEach(ArrayList.java:1596)

es.uvigo.esei.dai.hybridserver.step1.HTTPRequestPOSTMultipleParametersTest.testGetResourceName -- Time elapsed: 0.001 s <<< FAILURE!
java.lang.AssertionError: 

Expected: is "resource"
     but: was null
	at org.hamcrest.MatcherAssert.assertThat(MatcherAssert.java:20)
	at org.hamcrest.MatcherAssert.assertThat(MatcherAssert.java:6)
	at es.uvigo.esei.dai.hybridserver.step1.HTTPRequestPOSTMultipleParametersTest.testGetResourceName(HTTPRequestPOSTMultipleParametersTest.java:55)
	at java.base/java.lang.reflect.Method.invoke(Method.java:580)
	at java.base/java.util.ArrayList.forEach(ArrayList.java:1596)
	at java.base/java.util.ArrayList.forEach(ArrayList.java:1596)

es.uvigo.esei.dai.hybridserver.step1.HTTPRequestPOSTMultipleParametersTest.testGetResourcePath -- Time elapsed: 0.001 s <<< FAILURE!
java.lang.AssertionError: 

Expected: is ["resource"] 
     but: was null
	at org.hamcrest.MatcherAssert.assertThat(MatcherAssert.java:20)
	at org.hamcrest.MatcherAssert.assertThat(MatcherAssert.java:6)
	at es.uvigo.esei.dai.hybridserver.step1.HTTPRequestPOSTMultipleParametersTest.testGetResourcePath(HTTPRequestPOSTMultipleParametersTest.java:50)
	at java.base/java.lang.reflect.Method.invoke(Method.java:580)
	at java.base/java.util.ArrayList.forEach(ArrayList.java:1596)
	at java.base/java.util.ArrayList.forEach(ArrayList.java:1596)

es.uvigo.esei.dai.hybridserver.step1.HTTPRequestPOSTMultipleParametersTest.testGetContent -- Time elapsed: 0.001 s <<< FAILURE!
java.lang.AssertionError: 

Expected: is "message=Hello world!!&mensaje=¡¡Hola mundo!!&mensaxe=Ola mundo!!&mensagem=Olá mundo!!"
     but: was null
	at org.hamcrest.MatcherAssert.assertThat(MatcherAssert.java:20)
	at org.hamcrest.MatcherAssert.assertThat(MatcherAssert.java:6)
	at es.uvigo.esei.dai.hybridserver.step1.HTTPRequestPOSTMultipleParametersTest.testGetContent(HTTPRequestPOSTMultipleParametersTest.java:83)
	at java.base/java.lang.reflect.Method.invoke(Method.java:580)
	at java.base/java.util.ArrayList.forEach(ArrayList.java:1596)
	at java.base/java.util.ArrayList.forEach(ArrayList.java:1596)

es.uvigo.esei.dai.hybridserver.step1.HTTPRequestPOSTMultipleParametersTest.testGetMethod -- Time elapsed: 0.001 s <<< FAILURE!
java.lang.AssertionError: 

Expected: is <POST>
     but: was null
	at org.hamcrest.MatcherAssert.assertThat(MatcherAssert.java:20)
	at org.hamcrest.MatcherAssert.assertThat(MatcherAssert.java:6)
	at es.uvigo.esei.dai.hybridserver.step1.HTTPRequestPOSTMultipleParametersTest.testGetMethod(HTTPRequestPOSTMultipleParametersTest.java:40)
	at java.base/java.lang.reflect.Method.invoke(Method.java:580)
	at java.base/java.util.ArrayList.forEach(ArrayList.java:1596)
	at java.base/java.util.ArrayList.forEach(ArrayList.java:1596)

es.uvigo.esei.dai.hybridserver.step1.HTTPRequestPOSTMultipleParametersTest.testGetContentLength -- Time elapsed: 0.001 s <<< FAILURE!
java.lang.AssertionError: 

Expected: is <85>
     but: was <-1>
	at org.hamcrest.MatcherAssert.assertThat(MatcherAssert.java:20)
	at org.hamcrest.MatcherAssert.assertThat(MatcherAssert.java:6)
	at es.uvigo.esei.dai.hybridserver.step1.HTTPRequestPOSTMultipleParametersTest.testGetContentLength(HTTPRequestPOSTMultipleParametersTest.java:91)
	at java.base/java.lang.reflect.Method.invoke(Method.java:580)
	at java.base/java.util.ArrayList.forEach(ArrayList.java:1596)
	at java.base/java.util.ArrayList.forEach(ArrayList.java:1596)

es.uvigo.esei.dai.hybridserver.step1.HTTPRequestPOSTMultipleParametersTest.testGetResourceParameters -- Time elapsed: 0.001 s <<< FAILURE!
java.lang.AssertionError: 

Expected: (map containing ["message"->"Hello world!!"] and map containing ["mensaje"->"¡¡Hola mundo!!"] and map containing ["mensaxe"->"Ola mundo!!"] and map containing ["mensagem"->"Olá mundo!!"])
     but: map containing ["message"->"Hello world!!"] was null
	at org.hamcrest.MatcherAssert.assertThat(MatcherAssert.java:20)
	at org.hamcrest.MatcherAssert.assertThat(MatcherAssert.java:6)
	at es.uvigo.esei.dai.hybridserver.step1.HTTPRequestPOSTMultipleParametersTest.testGetResourceParameters(HTTPRequestPOSTMultipleParametersTest.java:65)
	at java.base/java.lang.reflect.Method.invoke(Method.java:580)
	at java.base/java.util.ArrayList.forEach(ArrayList.java:1596)
	at java.base/java.util.ArrayList.forEach(ArrayList.java:1596)

