-------------------------------------------------------------------------------
Test set: es.uvigo.esei.dai.hybridserver.step1.HTTPRequestGETResourceTest
-------------------------------------------------------------------------------
Tests run: 10, Failures: 8, Errors: 1, Skipped: 0, Time elapsed: 0.023 s <<< FAILURE! -- in es.uvigo.esei.dai.hybridserver.step1.HTTPRequestGETResourceTest
es.uvigo.esei.dai.hybridserver.step1.HTTPRequestGETResourceTest.testGetResourceChain -- Time elapsed: 0.001 s <<< FAILURE!
java.lang.AssertionError: 

Expected: is "/hello"
     but: was null
	at org.hamcrest.MatcherAssert.assertThat(MatcherAssert.java:20)
	at org.hamcrest.MatcherAssert.assertThat(MatcherAssert.java:6)
	at es.uvigo.esei.dai.hybridserver.step1.HTTPRequestGETResourceTest.testGetResourceChain(HTTPRequestGETResourceTest.java:46)
	at java.base/java.lang.reflect.Method.invoke(Method.java:578)
	at java.base/java.util.ArrayList.forEach(ArrayList.java:1511)
	at java.base/java.util.ArrayList.forEach(ArrayList.java:1511)

es.uvigo.esei.dai.hybridserver.step1.HTTPRequestGETResourceTest.testToString -- Time elapsed: 0.001 s <<< ERROR!
java.lang.NullPointerException: Cannot invoke "es.uvigo.esei.dai.hybridserver.http.HTTPRequestMethod.name()" because the return value of "es.uvigo.esei.dai.hybridserver.http.HTTPRequest.getMethod()" is null
	at es.uvigo.esei.dai.hybridserver.http.HTTPRequest.toString(HTTPRequest.java:76)
	at es.uvigo.esei.dai.hybridserver.step1.HTTPRequestGETResourceTest.testToString(HTTPRequestGETResourceTest.java:90)
	at java.base/java.lang.reflect.Method.invoke(Method.java:578)
	at java.base/java.util.ArrayList.forEach(ArrayList.java:1511)
	at java.base/java.util.ArrayList.forEach(ArrayList.java:1511)

es.uvigo.esei.dai.hybridserver.step1.HTTPRequestGETResourceTest.testGetHttpVersion -- Time elapsed: 0.001 s <<< FAILURE!
java.lang.AssertionError: 

Expected: is "HTTP/1.1"
     but: was null
	at org.hamcrest.MatcherAssert.assertThat(MatcherAssert.java:20)
	at org.hamcrest.MatcherAssert.assertThat(MatcherAssert.java:6)
	at es.uvigo.esei.dai.hybridserver.step1.HTTPRequestGETResourceTest.testGetHttpVersion(HTTPRequestGETResourceTest.java:61)
	at java.base/java.lang.reflect.Method.invoke(Method.java:578)
	at java.base/java.util.ArrayList.forEach(ArrayList.java:1511)
	at java.base/java.util.ArrayList.forEach(ArrayList.java:1511)

es.uvigo.esei.dai.hybridserver.step1.HTTPRequestGETResourceTest.testGetHeaderParameters -- Time elapsed: 0.002 s <<< FAILURE!
java.lang.AssertionError: 

Expected: (map containing ["Host"->"localhost"] and map containing ["Accept"->"text/html"] and map containing ["Accept-Encoding"->"gzip,deflate"])
     but: map containing ["Host"->"localhost"] was null
	at org.hamcrest.MatcherAssert.assertThat(MatcherAssert.java:20)
	at org.hamcrest.MatcherAssert.assertThat(MatcherAssert.java:6)
	at es.uvigo.esei.dai.hybridserver.step1.HTTPRequestGETResourceTest.testGetHeaderParameters(HTTPRequestGETResourceTest.java:71)
	at java.base/java.lang.reflect.Method.invoke(Method.java:578)
	at java.base/java.util.ArrayList.forEach(ArrayList.java:1511)
	at java.base/java.util.ArrayList.forEach(ArrayList.java:1511)

es.uvigo.esei.dai.hybridserver.step1.HTTPRequestGETResourceTest.testGetResourceName -- Time elapsed: 0.001 s <<< FAILURE!
java.lang.AssertionError: 

Expected: is "hello"
     but: was null
	at org.hamcrest.MatcherAssert.assertThat(MatcherAssert.java:20)
	at org.hamcrest.MatcherAssert.assertThat(MatcherAssert.java:6)
	at es.uvigo.esei.dai.hybridserver.step1.HTTPRequestGETResourceTest.testGetResourceName(HTTPRequestGETResourceTest.java:56)
	at java.base/java.lang.reflect.Method.invoke(Method.java:578)
	at java.base/java.util.ArrayList.forEach(ArrayList.java:1511)
	at java.base/java.util.ArrayList.forEach(ArrayList.java:1511)

es.uvigo.esei.dai.hybridserver.step1.HTTPRequestGETResourceTest.testGetResourcePath -- Time elapsed: 0.003 s <<< FAILURE!
java.lang.AssertionError: 

Expected: is ["hello"] 
     but: was null
	at org.hamcrest.MatcherAssert.assertThat(MatcherAssert.java:20)
	at org.hamcrest.MatcherAssert.assertThat(MatcherAssert.java:6)
	at es.uvigo.esei.dai.hybridserver.step1.HTTPRequestGETResourceTest.testGetResourcePath(HTTPRequestGETResourceTest.java:51)
	at java.base/java.lang.reflect.Method.invoke(Method.java:578)
	at java.base/java.util.ArrayList.forEach(ArrayList.java:1511)
	at java.base/java.util.ArrayList.forEach(ArrayList.java:1511)

es.uvigo.esei.dai.hybridserver.step1.HTTPRequestGETResourceTest.testGetMethod -- Time elapsed: 0.001 s <<< FAILURE!
java.lang.AssertionError: 

Expected: is <GET>
     but: was null
	at org.hamcrest.MatcherAssert.assertThat(MatcherAssert.java:20)
	at org.hamcrest.MatcherAssert.assertThat(MatcherAssert.java:6)
	at es.uvigo.esei.dai.hybridserver.step1.HTTPRequestGETResourceTest.testGetMethod(HTTPRequestGETResourceTest.java:41)
	at java.base/java.lang.reflect.Method.invoke(Method.java:578)
	at java.base/java.util.ArrayList.forEach(ArrayList.java:1511)
	at java.base/java.util.ArrayList.forEach(ArrayList.java:1511)

es.uvigo.esei.dai.hybridserver.step1.HTTPRequestGETResourceTest.testGetContentLength -- Time elapsed: 0.001 s <<< FAILURE!
java.lang.AssertionError: 

Expected: is <0>
     but: was <-1>
	at org.hamcrest.MatcherAssert.assertThat(MatcherAssert.java:20)
	at org.hamcrest.MatcherAssert.assertThat(MatcherAssert.java:6)
	at es.uvigo.esei.dai.hybridserver.step1.HTTPRequestGETResourceTest.testGetContentLength(HTTPRequestGETResourceTest.java:85)
	at java.base/java.lang.reflect.Method.invoke(Method.java:578)
	at java.base/java.util.ArrayList.forEach(ArrayList.java:1511)
	at java.base/java.util.ArrayList.forEach(ArrayList.java:1511)

es.uvigo.esei.dai.hybridserver.step1.HTTPRequestGETResourceTest.testGetResourceParameters -- Time elapsed: 0.001 s <<< FAILURE!
java.lang.AssertionError: 

Expected: is a map with size <0>
     but: was null
	at org.hamcrest.MatcherAssert.assertThat(MatcherAssert.java:20)
	at org.hamcrest.MatcherAssert.assertThat(MatcherAssert.java:6)
	at es.uvigo.esei.dai.hybridserver.step1.HTTPRequestGETResourceTest.testGetResourceParameters(HTTPRequestGETResourceTest.java:66)
	at java.base/java.lang.reflect.Method.invoke(Method.java:578)
	at java.base/java.util.ArrayList.forEach(ArrayList.java:1511)
	at java.base/java.util.ArrayList.forEach(ArrayList.java:1511)

