<?xml version="1.0" encoding="UTF-8"?>
<testsuite xmlns:xsi="http://www.w3.org/2001/XMLSchema-instance" xsi:noNamespaceSchemaLocation="https://maven.apache.org/surefire/maven-surefire-plugin/xsd/surefire-test-report-3.0.xsd" version="3.0" name="es.uvigo.esei.dai.hybridserver.step1.HTTPRequestGETRootTest" time="0.007" tests="10" errors="1" skipped="0" failures="8">
  <properties>
[...]
</properties>
  <testcase name="testGetResourceChain" classname="es.uvigo.esei.dai.hybridserver.step1.HTTPRequestGETRootTest" time="0.0">
    <failure message="&#10;Expected: is &quot;/&quot;&#10;     but: was null" type="java.lang.AssertionError"><![CDATA[java.lang.AssertionError: 

Expected: is "/"
     but: was null
	at org.hamcrest.MatcherAssert.assertThat(MatcherAssert.java:20)
	at org.hamcrest.MatcherAssert.assertThat(MatcherAssert.java:6)
	at es.uvigo.esei.dai.hybridserver.step1.HTTPRequestGETRootTest.testGetResourceChain(HTTPRequestGETRootTest.java:44)
	at java.base/java.lang.reflect.Method.invoke(Method.java:580)
	at java.base/java.util.ArrayList.forEach(ArrayList.java:1596)
	at java.base/java.util.ArrayList.forEach(ArrayList.java:1596)
]]></failure>
  </testcase>
  <testcase name="testGetResourceChain" classname="es.uvigo.esei.dai.hybridserver.step1.HTTPRequestGETRootTest" time="0.001">
    <failure message="&#10;Expected: is &quot;/&quot;&#10;     but: was null" type="java.lang.AssertionError"><![CDATA[java.lang.AssertionError: 

Expected: is "/"
     but: was null
	at org.hamcrest.MatcherAssert.assertThat(MatcherAssert.java:20)
	at org.hamcrest.MatcherAssert.assertThat(MatcherAssert.java:6)
	at es.uvigo.esei.dai.hybridserver.step1.HTTPRequestGETRootTest.testGetResourceChain(HTTPRequestGETRootTest.java:44)
	at java.base/java.lang.reflect.Method.invoke(Method.java:580)
	at java.base/java.util.ArrayList.forEach(ArrayList.java:1596)
	at java.base/java.util.ArrayList.forEach(ArrayList.java:1596)
]]></failure>
  </testcase>
  <testcase name="testToString" classname="es.uvigo.esei.dai.hybridserver.step1.HTTPRequestGETRootTest" time="0.001">
    <error message="Cannot invoke &quot;es.uvigo.esei.dai.hybridserver.http.HTTPRequestMethod.name()&quot; because the return value of &quot;es.uvigo.esei.dai.hybridserver.http.HTTPRequest.getMethod()&quot; is null" type="java.lang.NullPointerException"><![CDATA[java.lang.NullPointerException: Cannot invoke "es.uvigo.esei.dai.hybridserver.http.HTTPRequestMethod.name()" because the return value of "es.uvigo.esei.dai.hybridserver.http.HTTPRequest.getMethod()" is null
	at es.uvigo.esei.dai.hybridserver.http.HTTPRequest.toString(HTTPRequest.java:76)
	at es.uvigo.esei.dai.hybridserver.step1.HTTPRequestGETRootTest.testToString(HTTPRequestGETRootTest.java:85)
	at java.base/java.lang.reflect.Method.invoke(Method.java:580)
	at java.base/java.util.ArrayList.forEach(ArrayList.java:1596)
	at java.base/java.util.ArrayList.forEach(ArrayList.java:1596)
]]></error>
  </testcase>
  <testcase name="testToString" classname="es.uvigo.esei.dai.hybridserver.step1.HTTPRequestGETRootTest" time="0.0">
    <error message="Cannot invoke &quot;es.uvigo.esei.dai.hybridserver.http.HTTPRequestMethod.name()&quot; because the return value of &quot;es.uvigo.esei.dai.hybridserver.http.HTTPRequest.getMethod()&quot; is null" type="java.lang.NullPointerException"><![CDATA[java.lang.NullPointerException: Cannot invoke "es.uvigo.esei.dai.hybridserver.http.HTTPRequestMethod.name()" because the return value of "es.uvigo.esei.dai.hybridserver.http.HTTPRequest.getMethod()" is null
	at es.uvigo.esei.dai.hybridserver.http.HTTPRequest.toString(HTTPRequest.java:76)
	at es.uvigo.esei.dai.hybridserver.step1.HTTPRequestGETRootTest.testToString(HTTPRequestGETRootTest.java:85)
	at java.base/java.lang.reflect.Method.invoke(Method.java:580)
	at java.base/java.util.ArrayList.forEach(ArrayList.java:1596)
	at java.base/java.util.ArrayList.forEach(ArrayList.java:1596)
]]></error>
  </testcase>
  <testcase name="testGetHttpVersion" classname="es.uvigo.esei.dai.hybridserver.step1.HTTPRequestGETRootTest" time="0.001">
    <failure message="&#10;Expected: is &quot;HTTP/1.1&quot;&#10;     but: was null" type="java.lang.AssertionError"><![CDATA[java.lang.AssertionError: 

Expected: is "HTTP/1.1"
     but: was null
	at org.hamcrest.MatcherAssert.assertThat(MatcherAssert.java:20)
	at org.hamcrest.MatcherAssert.assertThat(MatcherAssert.java:6)
	at es.uvigo.esei.dai.hybridserver.step1.HTTPRequestGETRootTest.testGetHttpVersion(HTTPRequestGETRootTest.java:59)
	at java.base/java.lang.reflect.Method.invoke(Method.java:580)
	at java.base/java.util.ArrayList.forEach(ArrayList.java:1596)
	at java.base/java.util.ArrayList.forEach(ArrayList.java:1596)
]]></failure>
  </testcase>
  <testcase name="testGetHttpVersion" classname="es.uvigo.esei.dai.hybridserver.step1.HTTPRequestGETRootTest" time="0.001">
    <failure message="&#10;Expected: is &quot;HTTP/1.1&quot;&#10;     but: was null" type="java.lang.AssertionError"><![CDATA[java.lang.AssertionError: 

Expected: is "HTTP/1.1"
     but: was null
	at org.hamcrest.MatcherAssert.assertThat(MatcherAssert.java:20)
	at org.hamcrest.MatcherAssert.assertThat(MatcherAssert.java:6)
	at es.uvigo.esei.dai.hybridserver.step1.HTTPRequestGETRootTest.testGetHttpVersion(HTTPRequestGETRootTest.java:59)
	at java.base/java.lang.reflect.Method.invoke(Method.java:580)
	at java.base/java.util.ArrayList.forEach(ArrayList.java:1596)
	at java.base/java.util.ArrayList.forEach(ArrayList.java:1596)
]]></failure>
  </testcase>
  <testcase name="testGetHeaderParameters" classname="es.uvigo.esei.dai.hybridserver.step1.HTTPRequestGETRootTest" time="0.001">
    <failure message="&#10;Expected: map containing [&quot;Host&quot;-&gt;&quot;localhost&quot;]&#10;     but: was null" type="java.lang.AssertionError"><![CDATA[java.lang.AssertionError: 

Expected: map containing ["Host"->"localhost"]
     but: was null
	at org.hamcrest.MatcherAssert.assertThat(MatcherAssert.java:20)
	at org.hamcrest.MatcherAssert.assertThat(MatcherAssert.java:6)
	at es.uvigo.esei.dai.hybridserver.step1.HTTPRequestGETRootTest.testGetHeaderParameters(HTTPRequestGETRootTest.java:69)
	at java.base/java.lang.reflect.Method.invoke(Method.java:580)
	at java.base/java.util.ArrayList.forEach(ArrayList.java:1596)
	at java.base/java.util.ArrayList.forEach(ArrayList.java:1596)
]]></failure>
  </testcase>
  <testcase name="testGetHeaderParameters" classname="es.uvigo.esei.dai.hybridserver.step1.HTTPRequestGETRootTest" time="0.0">
    <failure message="&#10;Expected: map containing [&quot;Host&quot;-&gt;&quot;localhost&quot;]&#10;     but: was null" type="java.lang.AssertionError"><![CDATA[java.lang.AssertionError: 

Expected: map containing ["Host"->"localhost"]
     but: was null
	at org.hamcrest.MatcherAssert.assertThat(MatcherAssert.java:20)
	at org.hamcrest.MatcherAssert.assertThat(MatcherAssert.java:6)
	at es.uvigo.esei.dai.hybridserver.step1.HTTPRequestGETRootTest.testGetHeaderParameters(HTTPRequestGETRootTest.java:69)
	at java.base/java.lang.reflect.Method.invoke(Method.java:580)
	at java.base/java.util.ArrayList.forEach(ArrayList.java:1596)
	at java.base/java.util.ArrayList.forEach(ArrayList.java:1596)
]]></failure>
  </testcase>
  <testcase name="testGetResourceName" classname="es.uvigo.esei.dai.hybridserver.step1.HTTPRequestGETRootTest" time="0.001">
    <failure message="&#10;Expected: is an empty string&#10;     but: was null" type="java.lang.AssertionError"><![CDATA[java.lang.AssertionError: 

Expected: is an empty string
     but: was null
	at org.hamcrest.MatcherAssert.assertThat(MatcherAssert.java:20)
	at org.hamcrest.MatcherAssert.assertThat(MatcherAssert.java:6)
	at es.uvigo.esei.dai.hybridserver.step1.HTTPRequestGETRootTest.testGetResourceName(HTTPRequestGETRootTest.java:54)
	at java.base/java.lang.reflect.Method.invoke(Method.java:580)
	at java.base/java.util.ArrayList.forEach(ArrayList.java:1596)
	at java.base/java.util.ArrayList.forEach(ArrayList.java:1596)
]]></failure>
  </testcase>
  <testcase name="testGetResourceName" classname="es.uvigo.esei.dai.hybridserver.step1.HTTPRequestGETRootTest" time="0.0">
    <failure message="&#10;Expected: is an empty string&#10;     but: was null" type="java.lang.AssertionError"><![CDATA[java.lang.AssertionError: 

Expected: is an empty string
     but: was null
	at org.hamcrest.MatcherAssert.assertThat(MatcherAssert.java:20)
	at org.hamcrest.MatcherAssert.assertThat(MatcherAssert.java:6)
	at es.uvigo.esei.dai.hybridserver.step1.HTTPRequestGETRootTest.testGetResourceName(HTTPRequestGETRootTest.java:54)
	at java.base/java.lang.reflect.Method.invoke(Method.java:580)
	at java.base/java.util.ArrayList.forEach(ArrayList.java:1596)
	at java.base/java.util.ArrayList.forEach(ArrayList.java:1596)
]]></failure>
  </testcase>
  <testcase name="testGetResourcePath" classname="es.uvigo.esei.dai.hybridserver.step1.HTTPRequestGETRootTest" time="0.001">
    <failure message="&#10;Expected: is an empty array&#10;     but: was null" type="java.lang.AssertionError"><![CDATA[java.lang.AssertionError: 

Expected: is an empty array
     but: was null
	at org.hamcrest.MatcherAssert.assertThat(MatcherAssert.java:20)
	at org.hamcrest.MatcherAssert.assertThat(MatcherAssert.java:6)
	at es.uvigo.esei.dai.hybridserver.step1.HTTPRequestGETRootTest.testGetResourcePath(HTTPRequestGETRootTest.java:49)
	at java.base/java.lang.reflect.Method.invoke(Method.java:580)
	at java.base/java.util.ArrayList.forEach(ArrayList.java:1596)
	at java.base/java.util.ArrayList.forEach(ArrayList.java:1596)
]]></failure>
  </testcase>
  <testcase name="testGetResourcePath" classname="es.uvigo.esei.dai.hybridserver.step1.HTTPRequestGETRootTest" time="0.001">
    <failure message="&#10;Expected: is an empty array&#10;     but: was null" type="java.lang.AssertionError"><![CDATA[java.lang.AssertionError: 

Expected: is an empty array
     but: was null
	at org.hamcrest.MatcherAssert.assertThat(MatcherAssert.java:20)
	at org.hamcrest.MatcherAssert.assertThat(MatcherAssert.java:6)
	at es.uvigo.esei.dai.hybridserver.step1.HTTPRequestGETRootTest.testGetResourcePath(HTTPRequestGETRootTest.java:49)
	at java.base/java.lang.reflect.Method.invoke(Method.java:580)
	at java.base/java.util.ArrayList.forEach(ArrayList.java:1596)
	at java.base/java.util.ArrayList.forEach(ArrayList.java:1596)
]]></failure>
  </testcase>
  <testcase name="testGetContent" classname="es.uvigo.esei.dai.hybridserver.step1.HTTPRequestGETRootTest" time="0.001"/>
  <testcase name="testGetContent" classname="es.uvigo.esei.dai.hybridserver.step1.HTTPRequestGETRootTest" time="0.0"/>
  <testcase name="testGetMethod" classname="es.uvigo.esei.dai.hybridserver.step1.HTTPRequestGETRootTest" time="0.001">
    <failure message="&#10;Expected: is &lt;GET&gt;&#10;     but: was null" type="java.lang.AssertionError"><![CDATA[java.lang.AssertionError: 

Expected: is <GET>
     but: was null
	at org.hamcrest.MatcherAssert.assertThat(MatcherAssert.java:20)
	at org.hamcrest.MatcherAssert.assertThat(MatcherAssert.java:6)
	at es.uvigo.esei.dai.hybridserver.step1.HTTPRequestGETRootTest.testGetMethod(HTTPRequestGETRootTest.java:39)
	at java.base/java.lang.reflect.Method.invoke(Method.java:580)
	at java.base/java.util.ArrayList.forEach(ArrayList.java:1596)
	at java.base/java.util.ArrayList.forEach(ArrayList.java:1596)
]]></failure>
  </testcase>
  <testcase name="testGetMethod" classname="es.uvigo.esei.dai.hybridserver.step1.HTTPRequestGETRootTest" time="0.001">
    <failure message="&#10;Expected: is &lt;GET&gt;&#10;     but: was null" type="java.lang.AssertionError"><![CDATA[java.lang.AssertionError: 

Expected: is <GET>
     but: was null
	at org.hamcrest.MatcherAssert.assertThat(MatcherAssert.java:20)
	at org.hamcrest.MatcherAssert.assertThat(MatcherAssert.java:6)
	at es.uvigo.esei.dai.hybridserver.step1.HTTPRequestGETRootTest.testGetMethod(HTTPRequestGETRootTest.java:39)
	at java.base/java.lang.reflect.Method.invoke(Method.java:580)
	at java.base/java.util.ArrayList.forEach(ArrayList.java:1596)
	at java.base/java.util.ArrayList.forEach(ArrayList.java:1596)
]]></failure>
  </testcase>
  <testcase name="testGetContentLength" classname="es.uvigo.esei.dai.hybridserver.step1.HTTPRequestGETRootTest" time="0.001">
    <failure message="&#10;Expected: is &lt;0&gt;&#10;     but: was &lt;-1&gt;" type="java.lang.AssertionError"><![CDATA[java.lang.AssertionError: 

Expected: is <0>
     but: was <-1>
	at org.hamcrest.MatcherAssert.assertThat(MatcherAssert.java:20)
	at org.hamcrest.MatcherAssert.assertThat(MatcherAssert.java:6)
	at es.uvigo.esei.dai.hybridserver.step1.HTTPRequestGETRootTest.testGetContentLength(HTTPRequestGETRootTest.java:80)
	at java.base/java.lang.reflect.Method.invoke(Method.java:580)
	at java.base/java.util.ArrayList.forEach(ArrayList.java:1596)
	at java.base/java.util.ArrayList.forEach(ArrayList.java:1596)
]]></failure>
  </testcase>
  <testcase name="testGetContentLength" classname="es.uvigo.esei.dai.hybridserver.step1.HTTPRequestGETRootTest" time="0.0">
    <failure message="&#10;Expected: is &lt;0&gt;&#10;     but: was &lt;-1&gt;" type="java.lang.AssertionError"><![CDATA[java.lang.AssertionError: 

Expected: is <0>
     but: was <-1>
	at org.hamcrest.MatcherAssert.assertThat(MatcherAssert.java:20)
	at org.hamcrest.MatcherAssert.assertThat(MatcherAssert.java:6)
	at es.uvigo.esei.dai.hybridserver.step1.HTTPRequestGETRootTest.testGetContentLength(HTTPRequestGETRootTest.java:80)
	at java.base/java.lang.reflect.Method.invoke(Method.java:580)
	at java.base/java.util.ArrayList.forEach(ArrayList.java:1596)
	at java.base/java.util.ArrayList.forEach(ArrayList.java:1596)
]]></failure>
  </testcase>
  <testcase name="testGetResourceParameters" classname="es.uvigo.esei.dai.hybridserver.step1.HTTPRequestGETRootTest" time="0.0">
    <failure message="&#10;Expected: is a map with size &lt;0&gt;&#10;     but: was null" type="java.lang.AssertionError"><![CDATA[java.lang.AssertionError: 

Expected: is a map with size <0>
     but: was null
	at org.hamcrest.MatcherAssert.assertThat(MatcherAssert.java:20)
	at org.hamcrest.MatcherAssert.assertThat(MatcherAssert.java:6)
	at es.uvigo.esei.dai.hybridserver.step1.HTTPRequestGETRootTest.testGetResourceParameters(HTTPRequestGETRootTest.java:64)
	at java.base/java.lang.reflect.Method.invoke(Method.java:580)
	at java.base/java.util.ArrayList.forEach(ArrayList.java:1596)
	at java.base/java.util.ArrayList.forEach(ArrayList.java:1596)
]]></failure>
  </testcase>
  <testcase name="testGetResourceParameters" classname="es.uvigo.esei.dai.hybridserver.step1.HTTPRequestGETRootTest" time="0.0">
    <failure message="&#10;Expected: is a map with size &lt;0&gt;&#10;     but: was null" type="java.lang.AssertionError"><![CDATA[java.lang.AssertionError: 

Expected: is a map with size <0>
     but: was null
	at org.hamcrest.MatcherAssert.assertThat(MatcherAssert.java:20)
	at org.hamcrest.MatcherAssert.assertThat(MatcherAssert.java:6)
	at es.uvigo.esei.dai.hybridserver.step1.HTTPRequestGETRootTest.testGetResourceParameters(HTTPRequestGETRootTest.java:64)
	at java.base/java.lang.reflect.Method.invoke(Method.java:580)
	at java.base/java.util.ArrayList.forEach(ArrayList.java:1596)
	at java.base/java.util.ArrayList.forEach(ArrayList.java:1596)
]]></failure>
  </testcase>
</testsuite>