<?xml version="1.0" encoding="UTF-8"?>
<testsuite xmlns:xsi="http://www.w3.org/2001/XMLSchema-instance" xsi:noNamespaceSchemaLocation="https://maven.apache.org/surefire/maven-surefire-plugin/xsd/surefire-test-report-3.0.xsd" version="3.0" name="es.uvigo.esei.dai.hybridserver.step1.HTTPRequestPOSTOneParameterTest" time="0.005" tests="10" errors="0" skipped="0" failures="0">
  <properties>
[...]
</properties>
  <testcase name="testGetResourceChain" classname="es.uvigo.esei.dai.hybridserver.step1.HTTPRequestPOSTOneParameterTest" time="0.001"/>
  <testcase name="testGetResourceChain" classname="es.uvigo.esei.dai.hybridserver.step1.HTTPRequestPOSTOneParameterTest" time="0.0"/>
  <testcase name="testToString" classname="es.uvigo.esei.dai.hybridserver.step1.HTTPRequestPOSTOneParameterTest" time="0.001"/>
  <testcase name="testToString" classname="es.uvigo.esei.dai.hybridserver.step1.HTTPRequestPOSTOneParameterTest" time="0.001"/>
  <testcase name="testGetHttpVersion" classname="es.uvigo.esei.dai.hybridserver.step1.HTTPRequestPOSTOneParameterTest" time="0.001"/>
  <testcase name="testGetHttpVersion" classname="es.uvigo.esei.dai.hybridserver.step1.HTTPRequestPOSTOneParameterTest" time="0.0"/>
  <testcase name="testGetHeaderParameters" classname="es.uvigo.esei.dai.hybridserver.step1.HTTPRequestPOSTOneParameterTest" time="0.001"/>
  <testcase name="testGetHeaderParameters" classname="es.uvigo.esei.dai.hybridserver.step1.HTTPRequestPOSTOneParameterTest" time="0.0"/>
  <testcase name="testGetResourceName" classname="es.uvigo.esei.dai.hybridserver.step1.HTTPRequestPOSTOneParameterTest" time="0.001"/>
  <testcase name="testGetResourceName" classname="es.uvigo.esei.dai.hybridserver.step1.HTTPRequestPOSTOneParameterTest" time="0.0"/>
  <testcase name="testGetResourcePath" classname="es.uvigo.esei.dai.hybridserver.step1.HTTPRequestPOSTOneParameterTest" time="0.001"/>
  <testcase name="testGetResourcePath" classname="es.uvigo.esei.dai.hybridserver.step1.HTTPRequestPOSTOneParameterTest" time="0.001"/>
  <testcase name="testGetContent" classname="es.uvigo.esei.dai.hybridserver.step1.HTTPRequestPOSTOneParameterTest" time="0.0"/>
  <testcase name="testGetContent" classname="es.uvigo.esei.dai.hybridserver.step1.HTTPRequestPOSTOneParameterTest" time="0.0"/>
  <testcase name="testGetMethod" classname="es.uvigo.esei.dai.hybridserver.step1.HTTPRequestPOSTOneParameterTest" time="0.0"/>
  <testcase name="testGetMethod" classname="es.uvigo.esei.dai.hybridserver.step1.HTTPRequestPOSTOneParameterTest" time="0.001"/>
  <testcase name="testGetContentLength" classname="es.uvigo.esei.dai.hybridserver.step1.HTTPRequestPOSTOneParameterTest" time="0.001"/>
  <testcase name="testGetContentLength" classname="es.uvigo.esei.dai.hybridserver.step1.HTTPRequestPOSTOneParameterTest" time="0.0"/>
  <testcase name="testGetResourceParameters" classname="es.uvigo.esei.dai.hybridserver.step1.HTTPRequestPOSTOneParameterTest" time="0.001"/>
  <testcase name="testGetResourceParameters" classname="es.uvigo.esei.dai.hybridserver.step1.HTTPRequestPOSTOneParameterTest" time="0.0"/>
</testsuite>