<?xml version="1.0" encoding="UTF-8"?>
<testsuite xmlns:xsi="http://www.w3.org/2001/XMLSchema-instance" xsi:noNamespaceSchemaLocation="https://maven.apache.org/surefire/maven-surefire-plugin/xsd/surefire-test-report-3.0.xsd" version="3.0" name="es.uvigo.esei.dai.hybridserver.step2.ClientRequetsTest" time="0.056" tests="8" errors="0" skipped="0" failures="4">
  <properties>
[...]
</properties>
  <testcase name="testPostInvalidContent" classname="es.uvigo.esei.dai.hybridserver.step2.ClientRequetsTest" time="0.008">
    <failure message="&#10;Expected: is &lt;400&gt;&#10;     but: was &lt;200&gt;" type="java.lang.AssertionError"><![CDATA[java.lang.AssertionError: 

Expected: is <400>
     but: was <200>
	at org.hamcrest.MatcherAssert.assertThat(MatcherAssert.java:20)
	at org.hamcrest.MatcherAssert.assertThat(MatcherAssert.java:6)
	at es.uvigo.esei.dai.hybridserver.step2.ClientRequetsTest.testPostInvalidContent(ClientRequetsTest.java:157)
	at java.base/java.lang.reflect.Method.invoke(Method.java:578)
	at java.base/java.util.ArrayList.forEach(ArrayList.java:1511)
	at java.base/java.util.ArrayList.forEach(ArrayList.java:1511)
]]></failure>
  </testcase>
  <testcase name="testPost" classname="es.uvigo.esei.dai.hybridserver.step2.ClientRequetsTest" time="0.01">
    <failure message="&#10;Expected: a string containing &quot;&lt;a href=\&quot;html?uuid=3aff2f9c-0c7f-4630-99ad-27a0cf1af137\&quot;&gt;3aff2f9c-0c7f-4630-99ad-27a0cf1af137&lt;/a&gt;&quot;&#10;     but: was &quot;&lt;!DOCTYPE html&gt;&lt;html&gt;&lt;head&gt;&lt;meta charset=&apos;UTF-8&apos;&gt;&lt;title&gt;Listado&lt;/title&gt;&lt;/head&gt;&lt;body&gt;&lt;h1&gt;PÃ¡ginas HTML almacenadas&lt;/h1&gt;&lt;ul&gt;&lt;li&gt;&lt;a href=&apos;/html?uuid=3aff2f9c-0c7f-4630-99ad-27a0cf1af137&apos;&gt;3aff2f9c-0c7f-4630-99ad-27a0cf1af137&lt;/a&gt;&lt;/li&gt;&lt;li&gt;&lt;a href=&apos;/html?uuid=2471caa8-e8df-44d6-94f2-7752a74f6819&apos;&gt;2471caa8-e8df-44d6-94f2-7752a74f6819&lt;/a&gt;&lt;/li&gt;&lt;li&gt;&lt;a href=&apos;/html?uuid=6df1047e-cf19-4a83-8cf3-38f5e53f7725&apos;&gt;6df1047e-cf19-4a83-8cf3-38f5e53f7725&lt;/a&gt;&lt;/li&gt;&lt;li&gt;&lt;a href=&apos;/html?uuid=a35b6c5e-22d6-4707-98b4-462482e26c9e&apos;&gt;a35b6c5e-22d6-4707-98b4-462482e26c9e&lt;/a&gt;&lt;/li&gt;&lt;li&gt;&lt;a href=&apos;/html?uuid=fa0979ca-2734-41f7-84c5-e40e0886e408&apos;&gt;fa0979ca-2734-41f7-84c5-e40e0886e408&lt;/a&gt;&lt;/li&gt;&lt;li&gt;&lt;a href=&apos;/html?uuid=c6c80c75-b335-4f68-b7a7-59434413ce6c&apos;&gt;c6c80c75-b335-4f68-b7a7-59434413ce6c&lt;/a&gt;&lt;/li&gt;&lt;li&gt;&lt;a href=&apos;/html?uuid=79e01232-5ea4-41c8-9331-1c1880a1d3c2&apos;&gt;79e01232-5ea4-41c8-9331-1c1880a1d3c2&lt;/a&gt;&lt;/li&gt;&lt;li&gt;&lt;a href=&apos;/html?uuid=f959ecb3-6382-4ae5-9325-8fcbc068e446&apos;&gt;f959ecb3-6382-4ae5-9325-8fcbc068e446&lt;/a&gt;&lt;/li&gt;&lt;li&gt;&lt;a href=&apos;/html?uuid=77ec1d68-84e1-40f4-be8e-066e02f4e373&apos;&gt;77ec1d68-84e1-40f4-be8e-066e02f4e373&lt;/a&gt;&lt;/li&gt;&lt;li&gt;&lt;a href=&apos;/html?uuid=8f824126-0bd1-4074-b88e-c0b59d3e67a3&apos;&gt;8f824126-0bd1-4074-b88e-c0b59d3e67a3&lt;/a&gt;&lt;/li&gt;&lt;/ul&gt;&lt;/body&gt;&lt;/html&quot;" type="java.lang.AssertionError"><![CDATA[java.lang.AssertionError: 

Expected: a string containing "<a href=\"html?uuid=3aff2f9c-0c7f-4630-99ad-27a0cf1af137\">3aff2f9c-0c7f-4630-99ad-27a0cf1af137</a>"
     but: was "<!DOCTYPE html><html><head><meta charset='UTF-8'><title>Listado</title></head><body><h1>PÃ¡ginas HTML almacenadas</h1><ul><li><a href='/html?uuid=3aff2f9c-0c7f-4630-99ad-27a0cf1af137'>3aff2f9c-0c7f-4630-99ad-27a0cf1af137</a></li><li><a href='/html?uuid=2471caa8-e8df-44d6-94f2-7752a74f6819'>2471caa8-e8df-44d6-94f2-7752a74f6819</a></li><li><a href='/html?uuid=6df1047e-cf19-4a83-8cf3-38f5e53f7725'>6df1047e-cf19-4a83-8cf3-38f5e53f7725</a></li><li><a href='/html?uuid=a35b6c5e-22d6-4707-98b4-462482e26c9e'>a35b6c5e-22d6-4707-98b4-462482e26c9e</a></li><li><a href='/html?uuid=fa0979ca-2734-41f7-84c5-e40e0886e408'>fa0979ca-2734-41f7-84c5-e40e0886e408</a></li><li><a href='/html?uuid=c6c80c75-b335-4f68-b7a7-59434413ce6c'>c6c80c75-b335-4f68-b7a7-59434413ce6c</a></li><li><a href='/html?uuid=79e01232-5ea4-41c8-9331-1c1880a1d3c2'>79e01232-5ea4-41c8-9331-1c1880a1d3c2</a></li><li><a href='/html?uuid=f959ecb3-6382-4ae5-9325-8fcbc068e446'>f959ecb3-6382-4ae5-9325-8fcbc068e446</a></li><li><a href='/html?uuid=77ec1d68-84e1-40f4-be8e-066e02f4e373'>77ec1d68-84e1-40f4-be8e-066e02f4e373</a></li><li><a href='/html?uuid=8f824126-0bd1-4074-b88e-c0b59d3e67a3'>8f824126-0bd1-4074-b88e-c0b59d3e67a3</a></li></ul></body></html"
	at org.hamcrest.MatcherAssert.assertThat(MatcherAssert.java:20)
	at org.hamcrest.MatcherAssert.assertThat(MatcherAssert.java:6)
	at es.uvigo.esei.dai.hybridserver.step2.ClientRequetsTest.testPost(ClientRequetsTest.java:114)
	at java.base/java.lang.reflect.Method.invoke(Method.java:578)
	at java.base/java.util.ArrayList.forEach(ArrayList.java:1511)
	at java.base/java.util.ArrayList.forEach(ArrayList.java:1511)
]]></failure>
  </testcase>
  <testcase name="testGetInvalidResource" classname="es.uvigo.esei.dai.hybridserver.step2.ClientRequetsTest" time="0.004">
    <failure message="&#10;Expected: is &lt;400&gt;&#10;     but: was &lt;404&gt;" type="java.lang.AssertionError"><![CDATA[java.lang.AssertionError: 

Expected: is <400>
     but: was <404>
	at org.hamcrest.MatcherAssert.assertThat(MatcherAssert.java:20)
	at org.hamcrest.MatcherAssert.assertThat(MatcherAssert.java:6)
	at es.uvigo.esei.dai.hybridserver.step2.ClientRequetsTest.testGetInvalidResource(ClientRequetsTest.java:143)
	at java.base/java.lang.reflect.Method.invoke(Method.java:578)
	at java.base/java.util.ArrayList.forEach(ArrayList.java:1511)
	at java.base/java.util.ArrayList.forEach(ArrayList.java:1511)
]]></failure>
  </testcase>
  <testcase name="testGetInvalidHtmlPage" classname="es.uvigo.esei.dai.hybridserver.step2.ClientRequetsTest" time="0.003"/>
  <testcase name="testGetHtmlList" classname="es.uvigo.esei.dai.hybridserver.step2.ClientRequetsTest" time="0.004"/>
  <testcase name="testGetHtmlPage" classname="es.uvigo.esei.dai.hybridserver.step2.ClientRequetsTest" time="0.013"/>
  <testcase name="testDelete" classname="es.uvigo.esei.dai.hybridserver.step2.ClientRequetsTest" time="0.005">
    <failure message="The page already exists&#10;Expected: is &lt;404&gt;&#10;     but: was &lt;200&gt;" type="java.lang.AssertionError"><![CDATA[java.lang.AssertionError: 
The page already exists
Expected: is <404>
     but: was <200>
	at org.hamcrest.MatcherAssert.assertThat(MatcherAssert.java:20)
	at es.uvigo.esei.dai.hybridserver.step2.ClientRequetsTest.testDelete(ClientRequetsTest.java:128)
	at java.base/java.lang.reflect.Method.invoke(Method.java:578)
	at java.base/java.util.ArrayList.forEach(ArrayList.java:1511)
	at java.base/java.util.ArrayList.forEach(ArrayList.java:1511)
]]></failure>
  </testcase>
  <testcase name="testDeleteNonexistentPage" classname="es.uvigo.esei.dai.hybridserver.step2.ClientRequetsTest" time="0.003"/>
</testsuite>